<?xml version="1.0" encoding="UTF-8"?>
<testsuite xmlns:xsi="http://www.w3.org/2001/XMLSchema-instance" xsi:noNamespaceSchemaLocation="https://maven.apache.org/surefire/maven-surefire-plugin/xsd/surefire-test-report.xsd" name="com.cgi.bathl7.BatHl7ProcessorTest" time="0.169" tests="4" errors="0" skipped="0" failures="0">
  <properties>
[...]
</properties>
  <testcase name="testEmptyFile" classname="com.cgi.bathl7.BatHl7ProcessorTest" time="0.069"/>
  <testcase name="testWriteFile" classname="com.cgi.bathl7.BatHl7ProcessorTest" time="0.016"/>
  <testcase name="testReadFile" classname="com.cgi.bathl7.BatHl7ProcessorTest" time="0.016"/>
  <testcase name="testExpectedException" classname="com.cgi.bathl7.BatHl7ProcessorTest" time="0.053"/>
</testsuite>